\BOOKMARK [0][-]{chapter.1}{\376\377\000D\000a\000t\000a\000\040\000S\000t\000r\000u\000c\000t\000u\000r\000e\000\040\000I\000n\000d\000e\000x}{}% 1
\BOOKMARK [1][-]{section.1.1}{\376\377\000D\000a\000t\000a\000\040\000S\000t\000r\000u\000c\000t\000u\000r\000e\000s}{chapter.1}% 2
\BOOKMARK [0][-]{chapter.2}{\376\377\000F\000i\000l\000e\000\040\000I\000n\000d\000e\000x}{}% 3
\BOOKMARK [1][-]{section.2.1}{\376\377\000F\000i\000l\000e\000\040\000L\000i\000s\000t}{chapter.2}% 4
\BOOKMARK [0][-]{chapter.3}{\376\377\000D\000a\000t\000a\000\040\000S\000t\000r\000u\000c\000t\000u\000r\000e\000\040\000D\000o\000c\000u\000m\000e\000n\000t\000a\000t\000i\000o\000n}{}% 5
\BOOKMARK [1][-]{section.3.1}{\376\377\000c\000e\000l\000l\000u\000l\000e\000\040\000S\000t\000r\000u\000c\000t\000\040\000R\000e\000f\000e\000r\000e\000n\000c\000e}{chapter.3}% 6
\BOOKMARK [2][-]{subsection.3.1.1}{\376\377\000F\000i\000e\000l\000d\000\040\000D\000o\000c\000u\000m\000e\000n\000t\000a\000t\000i\000o\000n}{section.3.1}% 7
\BOOKMARK [3][-]{subsubsection.3.1.1.1}{\376\377\000e\000l\000e\000m\000e\000n\000t}{subsection.3.1.1}% 8
\BOOKMARK [3][-]{subsubsection.3.1.1.2}{\376\377\000n\000e\000x\000t}{subsection.3.1.1}% 9
\BOOKMARK [3][-]{subsubsection.3.1.1.3}{\376\377\000p\000r\000e\000v}{subsection.3.1.1}% 10
\BOOKMARK [3][-]{subsubsection.3.1.1.4}{\376\377\000v\000a\000l}{subsection.3.1.1}% 11
\BOOKMARK [1][-]{section.3.2}{\376\377\000l\000i\000s\000t\000e\000\040\000S\000t\000r\000u\000c\000t\000\040\000R\000e\000f\000e\000r\000e\000n\000c\000e}{chapter.3}% 12
\BOOKMARK [2][-]{subsection.3.2.1}{\376\377\000F\000i\000e\000l\000d\000\040\000D\000o\000c\000u\000m\000e\000n\000t\000a\000t\000i\000o\000n}{section.3.2}% 13
\BOOKMARK [3][-]{subsubsection.3.2.1.1}{\376\377\000l}{subsection.3.2.1}% 14
\BOOKMARK [3][-]{subsubsection.3.2.1.2}{\376\377\000l\000a\000s\000t}{subsection.3.2.1}% 15
\BOOKMARK [3][-]{subsubsection.3.2.1.3}{\376\377\000n\000C\000l\000a\000u\000s\000e\000s}{subsection.3.2.1}% 16
\BOOKMARK [3][-]{subsubsection.3.2.1.4}{\376\377\000n\000E\000l\000t\000P\000e\000r\000L\000i\000s\000t}{subsection.3.2.1}% 17
\BOOKMARK [3][-]{subsubsection.3.2.1.5}{\376\377\000n\000L\000i\000t\000t\000e\000r\000a\000u\000x}{subsection.3.2.1}% 18
\BOOKMARK [3][-]{subsubsection.3.2.1.6}{\376\377\000s\000t\000r\000u\000c\000t\000u\000r\000e}{subsection.3.2.1}% 19
\BOOKMARK [0][-]{chapter.4}{\376\377\000F\000i\000l\000e\000\040\000D\000o\000c\000u\000m\000e\000n\000t\000a\000t\000i\000o\000n}{}% 20
\BOOKMARK [1][-]{section.4.1}{\376\377\000h\000e\000a\000d\000/\000c\000o\000n\000s\000t\000.\000h\000\040\000F\000i\000l\000e\000\040\000R\000e\000f\000e\000r\000e\000n\000c\000e}{chapter.4}% 21
\BOOKMARK [2][-]{subsection.4.1.1}{\376\377\000T\000y\000p\000e\000d\000e\000f\000\040\000D\000o\000c\000u\000m\000e\000n\000t\000a\000t\000i\000o\000n}{section.4.1}% 22
\BOOKMARK [3][-]{subsubsection.4.1.1.1}{\376\377\000S\000t\000a\000t\000u\000s}{subsection.4.1.1}% 23
\BOOKMARK [3][-]{subsubsection.4.1.1.2}{\376\377\000T\000y\000p\000e\000\137\000e\000l\000t}{subsection.4.1.1}% 24
\BOOKMARK [3][-]{subsubsection.4.1.1.3}{\376\377\000T\000y\000p\000e\000\137\000s\000t\000r\000u\000c\000t}{subsection.4.1.1}% 25
\BOOKMARK [2][-]{subsection.4.1.2}{\376\377\000E\000n\000u\000m\000e\000r\000a\000t\000i\000o\000n\000\040\000T\000y\000p\000e\000\040\000D\000o\000c\000u\000m\000e\000n\000t\000a\000t\000i\000o\000n}{section.4.1}% 26
\BOOKMARK [3][-]{subsubsection.4.1.2.1}{\376\377\000S\000t\000a\000t\000u\000s}{subsection.4.1.2}% 27
\BOOKMARK [3][-]{subsubsection.4.1.2.2}{\376\377\000T\000y\000p\000e\000\137\000e\000l\000t}{subsection.4.1.2}% 28
\BOOKMARK [3][-]{subsubsection.4.1.2.3}{\376\377\000T\000y\000p\000e\000\137\000s\000t\000r\000u\000c\000t}{subsection.4.1.2}% 29
\BOOKMARK [1][-]{section.4.2}{\376\377\000h\000e\000a\000d\000/\000d\000p\000l\000l\000.\000h\000\040\000F\000i\000l\000e\000\040\000R\000e\000f\000e\000r\000e\000n\000c\000e}{chapter.4}% 30
\BOOKMARK [1][-]{section.4.3}{\376\377\000h\000e\000a\000d\000/\000m\000a\000n\000i\000p\000u\000l\000a\000t\000i\000o\000n\000\137\000d\000o\000n\000n\000e\000e\000s\000.\000h\000\040\000F\000i\000l\000e\000\040\000R\000e\000f\000e\000r\000e\000n\000c\000e}{chapter.4}% 31
\BOOKMARK [1][-]{section.4.4}{\376\377\000h\000e\000a\000d\000/\000p\000a\000r\000s\000e\000r\000.\000h\000\040\000F\000i\000l\000e\000\040\000R\000e\000f\000e\000r\000e\000n\000c\000e}{chapter.4}% 32
\BOOKMARK [1][-]{section.4.5}{\376\377\000h\000e\000a\000d\000/\000s\000t\000r\000u\000c\000t\000u\000r\000e\000s\000.\000h\000\040\000F\000i\000l\000e\000\040\000R\000e\000f\000e\000r\000e\000n\000c\000e}{chapter.4}% 33
\BOOKMARK [2][-]{subsection.4.5.1}{\376\377\000T\000y\000p\000e\000d\000e\000f\000\040\000D\000o\000c\000u\000m\000e\000n\000t\000a\000t\000i\000o\000n}{section.4.5}% 34
\BOOKMARK [3][-]{subsubsection.4.5.1.1}{\376\377\000c\000e\000l\000l\000u\000l\000e}{subsection.4.5.1}% 35
\BOOKMARK [3][-]{subsubsection.4.5.1.2}{\376\377\000l\000i\000s\000t\000e}{subsection.4.5.1}% 36
\BOOKMARK [3][-]{subsubsection.4.5.1.3}{\376\377\000l\000i\000s\000t\000e\000\137\000c\000h\000a\000i\000n\000e\000e}{subsection.4.5.1}% 37
\BOOKMARK [2][-]{subsection.4.5.2}{\376\377\000F\000u\000n\000c\000t\000i\000o\000n\000\040\000D\000o\000c\000u\000m\000e\000n\000t\000a\000t\000i\000o\000n}{section.4.5}% 38
\BOOKMARK [3][-]{subsubsection.4.5.2.1}{\376\377\000a\000d\000d\000\137\000l\000i\000s\000t\000\137\000e\000l\000e\000m\000e\000n\000t\000\137\000h\000e\000a\000d}{subsection.4.5.2}% 39
\BOOKMARK [3][-]{subsubsection.4.5.2.2}{\376\377\000a\000d\000d\000\137\000l\000i\000s\000t\000\137\000e\000l\000e\000m\000e\000n\000t\000\137\000t\000a\000i\000l}{subsection.4.5.2}% 40
\BOOKMARK [3][-]{subsubsection.4.5.2.3}{\376\377\000d\000e\000l\000\137\000l\000i\000s\000t\000\137\000e\000l\000e\000m\000e\000n\000t\000\137\000h\000e\000a\000d}{subsection.4.5.2}% 41
\BOOKMARK [3][-]{subsubsection.4.5.2.4}{\376\377\000d\000e\000l\000\137\000l\000i\000s\000t\000\137\000e\000l\000e\000m\000e\000n\000t\000\137\000t\000a\000i\000l}{subsection.4.5.2}% 42
\BOOKMARK [3][-]{subsubsection.4.5.2.5}{\376\377\000d\000e\000s\000t\000r\000o\000y\000\137\000s\000t\000r\000u\000c\000t\000u\000r\000e\000s}{subsection.4.5.2}% 43
\BOOKMARK [3][-]{subsubsection.4.5.2.6}{\376\377\000i\000n\000i\000t\000\137\000s\000t\000r\000u\000c\000t\000u\000r\000e\000s}{subsection.4.5.2}% 44
\BOOKMARK [1][-]{section.4.6}{\376\377\000s\000r\000c\000/\000d\000p\000l\000l\000.\000c\000\040\000F\000i\000l\000e\000\040\000R\000e\000f\000e\000r\000e\000n\000c\000e}{chapter.4}% 45
\BOOKMARK [1][-]{section.4.7}{\376\377\000s\000r\000c\000/\000m\000a\000i\000n\000.\000c\000\040\000F\000i\000l\000e\000\040\000R\000e\000f\000e\000r\000e\000n\000c\000e}{chapter.4}% 46
\BOOKMARK [2][-]{subsection.4.7.1}{\376\377\000F\000u\000n\000c\000t\000i\000o\000n\000\040\000D\000o\000c\000u\000m\000e\000n\000t\000a\000t\000i\000o\000n}{section.4.7}% 47
\BOOKMARK [3][-]{subsubsection.4.7.1.1}{\376\377\000m\000a\000i\000n}{subsection.4.7.1}% 48
\BOOKMARK [3][-]{subsubsection.4.7.1.2}{\376\377\000t\000e\000s\000t\000s}{subsection.4.7.1}% 49
\BOOKMARK [1][-]{section.4.8}{\376\377\000s\000r\000c\000/\000m\000a\000n\000i\000p\000u\000l\000a\000t\000i\000o\000n\000\137\000d\000o\000n\000n\000e\000e\000s\000.\000c\000\040\000F\000i\000l\000e\000\040\000R\000e\000f\000e\000r\000e\000n\000c\000e}{chapter.4}% 50
\BOOKMARK [1][-]{section.4.9}{\376\377\000s\000r\000c\000/\000p\000a\000r\000s\000e\000r\000.\000c\000\040\000F\000i\000l\000e\000\040\000R\000e\000f\000e\000r\000e\000n\000c\000e}{chapter.4}% 51
\BOOKMARK [1][-]{section.4.10}{\376\377\000s\000r\000c\000/\000s\000t\000r\000u\000c\000t\000u\000r\000e\000s\000.\000c\000\040\000F\000i\000l\000e\000\040\000R\000e\000f\000e\000r\000e\000n\000c\000e}{chapter.4}% 52
\BOOKMARK [2][-]{subsection.4.10.1}{\376\377\000F\000u\000n\000c\000t\000i\000o\000n\000\040\000D\000o\000c\000u\000m\000e\000n\000t\000a\000t\000i\000o\000n}{section.4.10}% 53
\BOOKMARK [3][-]{subsubsection.4.10.1.1}{\376\377\000a\000d\000d\000\137\000l\000i\000s\000t\000\137\000e\000l\000e\000m\000e\000n\000t\000\137\000h\000e\000a\000d}{subsection.4.10.1}% 54
\BOOKMARK [3][-]{subsubsection.4.10.1.2}{\376\377\000a\000d\000d\000\137\000l\000i\000s\000t\000\137\000e\000l\000e\000m\000e\000n\000t\000\137\000t\000a\000i\000l}{subsection.4.10.1}% 55
\BOOKMARK [3][-]{subsubsection.4.10.1.3}{\376\377\000d\000e\000l\000\137\000l\000i\000s\000t\000\137\000e\000l\000e\000m\000e\000n\000t\000\137\000h\000e\000a\000d}{subsection.4.10.1}% 56
\BOOKMARK [3][-]{subsubsection.4.10.1.4}{\376\377\000d\000e\000l\000\137\000l\000i\000s\000t\000\137\000e\000l\000e\000m\000e\000n\000t\000\137\000t\000a\000i\000l}{subsection.4.10.1}% 57
\BOOKMARK [3][-]{subsubsection.4.10.1.5}{\376\377\000d\000e\000s\000t\000r\000o\000y\000\137\000s\000t\000r\000u\000c\000t\000u\000r\000e\000s}{subsection.4.10.1}% 58
\BOOKMARK [3][-]{subsubsection.4.10.1.6}{\376\377\000i\000n\000i\000t\000\137\000s\000t\000r\000u\000c\000t\000u\000r\000e\000s}{subsection.4.10.1}% 59
